<?xml version="1.0" encoding="UTF-8"?>
<!-- Generated by org.testng.reporters.JUnitReportReporter -->
<testsuite skipped="0" hostname="DESKTOP-NCO37LP" name="com.abc.testng.Launch" tests="2" failures="0" timestamp="12 Feb 2020 12:50:54 GMT" time="0.005" errors="0">
  <testcase name="p4" time="0.001" classname="com.abc.testng.Launch"/>
  <testcase name="p3" time="0.004" classname="com.abc.testng.Launch"/>
</testsuite> <!-- com.abc.testng.Launch -->
